Determining if the Q_WS_WIN exist failed with the following output:
Change Dir: /home/dirk/uni/sem5/robotics/assignment5/tutorialPlan/build/CMakeFiles/CMakeTmp

Run Build Command:/usr/bin/make "cmTryCompileExec3099816513/fast"
/usr/bin/make -f CMakeFiles/cmTryCompileExec3099816513.dir/build.make CMakeFiles/cmTryCompileExec3099816513.dir/build
make[1]: Verzeichnis »/home/dirk/uni/sem5/robotics/assignment5/tutorialPlan/build/CMakeFiles/CMakeTmp« wird betreten
/usr/bin/cmake -E cmake_progress_report /home/dirk/uni/sem5/robotics/assignment5/tutorialPlan/build/CMakeFiles/CMakeTmp/CMakeFiles 1
Building CXX object CMakeFiles/cmTryCompileExec3099816513.dir/CheckSymbolExists.cxx.o
/usr/bin/c++    -I/usr/include/qt4    -o CMakeFiles/cmTryCompileExec3099816513.dir/CheckSymbolExists.cxx.o -c /home/dirk/uni/sem5/robotics/assignment5/tutorialPlan/build/CMakeFiles/CMakeTmp/CheckSymbolExists.cxx
/home/dirk/uni/sem5/robotics/assignment5/tutorialPlan/build/CMakeFiles/CMakeTmp/CheckSymbolExists.cxx: In function ‘int main(int, char**)’:
/home/dirk/uni/sem5/robotics/assignment5/tutorialPlan/build/CMakeFiles/CMakeTmp/CheckSymbolExists.cxx:8:19: error: ‘Q_WS_WIN’ was not declared in this scope
   return ((int*)(&Q_WS_WIN))[argc];
                   ^
make[1]: *** [CMakeFiles/cmTryCompileExec3099816513.dir/CheckSymbolExists.cxx.o] Fehler 1
make[1]: Verzeichnis »/home/dirk/uni/sem5/robotics/assignment5/tutorialPlan/build/CMakeFiles/CMakeTmp« wird verlassen
make: *** [cmTryCompileExec3099816513/fast] Fehler 2

File /home/dirk/uni/sem5/robotics/assignment5/tutorialPlan/build/CMakeFiles/CMakeTmp/CheckSymbolExists.cxx:
/* */
#include <QtCore/qglobal.h>

int main(int argc, char** argv)
{
  (void)argv;
#ifndef Q_WS_WIN
  return ((int*)(&Q_WS_WIN))[argc];
#else
  (void)argc;
  return 0;
#endif
}

Determining if the Q_WS_QWS exist failed with the following output:
Change Dir: /home/dirk/uni/sem5/robotics/assignment5/tutorialPlan/build/CMakeFiles/CMakeTmp

Run Build Command:/usr/bin/make "cmTryCompileExec3242889949/fast"
/usr/bin/make -f CMakeFiles/cmTryCompileExec3242889949.dir/build.make CMakeFiles/cmTryCompileExec3242889949.dir/build
make[1]: Verzeichnis »/home/dirk/uni/sem5/robotics/assignment5/tutorialPlan/build/CMakeFiles/CMakeTmp« wird betreten
/usr/bin/cmake -E cmake_progress_report /home/dirk/uni/sem5/robotics/assignment5/tutorialPlan/build/CMakeFiles/CMakeTmp/CMakeFiles 1
Building CXX object CMakeFiles/cmTryCompileExec3242889949.dir/CheckSymbolExists.cxx.o
/usr/bin/c++    -I/usr/include/qt4    -o CMakeFiles/cmTryCompileExec3242889949.dir/CheckSymbolExists.cxx.o -c /home/dirk/uni/sem5/robotics/assignment5/tutorialPlan/build/CMakeFiles/CMakeTmp/CheckSymbolExists.cxx
/home/dirk/uni/sem5/robotics/assignment5/tutorialPlan/build/CMakeFiles/CMakeTmp/CheckSymbolExists.cxx: In function ‘int main(int, char**)’:
/home/dirk/uni/sem5/robotics/assignment5/tutorialPlan/build/CMakeFiles/CMakeTmp/CheckSymbolExists.cxx:8:19: error: ‘Q_WS_QWS’ was not declared in this scope
   return ((int*)(&Q_WS_QWS))[argc];
                   ^
make[1]: Verzeichnis »/home/dirk/uni/sem5/robotics/assignment5/tutorialPlan/build/CMakeFiles/CMakeTmp« wird verlassen
make[1]: *** [CMakeFiles/cmTryCompileExec3242889949.dir/CheckSymbolExists.cxx.o] Fehler 1
make: *** [cmTryCompileExec3242889949/fast] Fehler 2

File /home/dirk/uni/sem5/robotics/assignment5/tutorialPlan/build/CMakeFiles/CMakeTmp/CheckSymbolExists.cxx:
/* */
#include <QtCore/qglobal.h>

int main(int argc, char** argv)
{
  (void)argv;
#ifndef Q_WS_QWS
  return ((int*)(&Q_WS_QWS))[argc];
#else
  (void)argc;
  return 0;
#endif
}

Determining if the Q_WS_MAC exist failed with the following output:
Change Dir: /home/dirk/uni/sem5/robotics/assignment5/tutorialPlan/build/CMakeFiles/CMakeTmp

Run Build Command:/usr/bin/make "cmTryCompileExec1166521755/fast"
/usr/bin/make -f CMakeFiles/cmTryCompileExec1166521755.dir/build.make CMakeFiles/cmTryCompileExec1166521755.dir/build
make[1]: Verzeichnis »/home/dirk/uni/sem5/robotics/assignment5/tutorialPlan/build/CMakeFiles/CMakeTmp« wird betreten
/usr/bin/cmake -E cmake_progress_report /home/dirk/uni/sem5/robotics/assignment5/tutorialPlan/build/CMakeFiles/CMakeTmp/CMakeFiles 1
Building CXX object CMakeFiles/cmTryCompileExec1166521755.dir/CheckSymbolExists.cxx.o
/usr/bin/c++    -I/usr/include/qt4    -o CMakeFiles/cmTryCompileExec1166521755.dir/CheckSymbolExists.cxx.o -c /home/dirk/uni/sem5/robotics/assignment5/tutorialPlan/build/CMakeFiles/CMakeTmp/CheckSymbolExists.cxx
/home/dirk/uni/sem5/robotics/assignment5/tutorialPlan/build/CMakeFiles/CMakeTmp/CheckSymbolExists.cxx: In function ‘int main(int, char**)’:
/home/dirk/uni/sem5/robotics/assignment5/tutorialPlan/build/CMakeFiles/CMakeTmp/CheckSymbolExists.cxx:8:19: error: ‘Q_WS_MAC’ was not declared in this scope
   return ((int*)(&Q_WS_MAC))[argc];
                   ^
make[1]: Verzeichnis »/home/dirk/uni/sem5/robotics/assignment5/tutorialPlan/build/CMakeFiles/CMakeTmp« wird verlassen
make[1]: *** [CMakeFiles/cmTryCompileExec1166521755.dir/CheckSymbolExists.cxx.o] Fehler 1
make: *** [cmTryCompileExec1166521755/fast] Fehler 2

File /home/dirk/uni/sem5/robotics/assignment5/tutorialPlan/build/CMakeFiles/CMakeTmp/CheckSymbolExists.cxx:
/* */
#include <QtCore/qglobal.h>

int main(int argc, char** argv)
{
  (void)argv;
#ifndef Q_WS_MAC
  return ((int*)(&Q_WS_MAC))[argc];
#else
  (void)argc;
  return 0;
#endif
}

